2022-07-06 12:44:35.483  INFO 18220 --- [main] com.stproj.demo.DemoApplication          : Starting DemoApplication using Java 18.0.1.1 on DESKTOP-AJGCIAD with PID 18220 (C:\Users\79372\stproj\demo\demo\target\classes started by 79372 in C:\Users\79372\stproj\demo\demo)
2022-07-06 12:44:35.487  INFO 18220 --- [main] com.stproj.demo.DemoApplication          : No active profile set, falling back to 1 default profile: "default"
2022-07-06 12:44:36.270  INFO 18220 --- [main] .s.d.r.c.RepositoryConfigurationDelegate : Bootstrapping Spring Data JPA repositories in DEFAULT mode.
2022-07-06 12:44:36.344  INFO 18220 --- [main] .s.d.r.c.RepositoryConfigurationDelegate : Finished Spring Data repository scanning in 62 ms. Found 2 JPA repository interfaces.
2022-07-06 12:44:36.982  INFO 18220 --- [main] o.s.b.w.embedded.tomcat.TomcatWebServer  : Tomcat initialized with port(s): 9090 (http)
2022-07-06 12:44:36.990  INFO 18220 --- [main] o.apache.catalina.core.StandardService   : Starting service [Tomcat]
2022-07-06 12:44:36.991  INFO 18220 --- [main] org.apache.catalina.core.StandardEngine  : Starting Servlet engine: [Apache Tomcat/9.0.64]
2022-07-06 12:44:37.100  INFO 18220 --- [main] o.a.c.c.C.[Tomcat].[localhost].[/]       : Initializing Spring embedded WebApplicationContext
2022-07-06 12:44:37.101  INFO 18220 --- [main] w.s.c.ServletWebServerApplicationContext : Root WebApplicationContext: initialization completed in 1547 ms
2022-07-06 12:44:37.257  INFO 18220 --- [main] o.f.c.internal.license.VersionPrinter    : Flyway Community Edition 8.5.13 by Redgate
2022-07-06 12:44:37.257  INFO 18220 --- [main] o.f.c.internal.license.VersionPrinter    : See what's new here: https://flywaydb.org/documentation/learnmore/releaseNotes#8.5.13
2022-07-06 12:44:37.257  INFO 18220 --- [main] o.f.c.internal.license.VersionPrinter    : 
2022-07-06 12:44:37.264  INFO 18220 --- [main] com.zaxxer.hikari.HikariDataSource       : HikariPool-1 - Starting...
2022-07-06 12:44:37.422  INFO 18220 --- [main] com.zaxxer.hikari.HikariDataSource       : HikariPool-1 - Start completed.
2022-07-06 12:44:37.446  INFO 18220 --- [main] o.f.c.i.database.base.BaseDatabaseType   : Database: jdbc:postgresql://localhost:5432/stproj (PostgreSQL 14.2)
2022-07-06 12:44:37.492  INFO 18220 --- [main] o.f.core.internal.command.DbValidate     : Successfully validated 1 migration (execution time 00:00.023s)
2022-07-06 12:44:37.507  INFO 18220 --- [main] o.f.core.internal.command.DbMigrate      : Current version of schema "public": 1
2022-07-06 12:44:37.508  INFO 18220 --- [main] o.f.core.internal.command.DbMigrate      : Schema "public" is up to date. No migration necessary.
2022-07-06 12:44:37.640  INFO 18220 --- [main] o.hibernate.jpa.internal.util.LogHelper  : HHH000204: Processing PersistenceUnitInfo [name: default]
2022-07-06 12:44:37.694  INFO 18220 --- [main] org.hibernate.Version                    : HHH000412: Hibernate ORM core version 5.6.9.Final
2022-07-06 12:44:37.875  INFO 18220 --- [main] o.hibernate.annotations.common.Version   : HCANN000001: Hibernate Commons Annotations {5.1.2.Final}
2022-07-06 12:44:37.990  INFO 18220 --- [main] org.hibernate.dialect.Dialect            : HHH000400: Using dialect: org.hibernate.dialect.PostgreSQLDialect
2022-07-06 12:44:38.565  INFO 18220 --- [main] o.h.e.t.j.p.i.JtaPlatformInitiator       : HHH000490: Using JtaPlatform implementation: [org.hibernate.engine.transaction.jta.platform.internal.NoJtaPlatform]
2022-07-06 12:44:38.572  INFO 18220 --- [main] j.LocalContainerEntityManagerFactoryBean : Initialized JPA EntityManagerFactory for persistence unit 'default'
2022-07-06 12:44:39.174  WARN 18220 --- [main] JpaBaseConfiguration$JpaWebConfiguration : spring.jpa.open-in-view is enabled by default. Therefore, database queries may be performed during view rendering. Explicitly configure spring.jpa.open-in-view to disable this warning
2022-07-06 12:44:40.144  INFO 18220 --- [main] o.s.b.w.embedded.tomcat.TomcatWebServer  : Tomcat started on port(s): 9090 (http) with context path ''
2022-07-06 12:44:40.155  INFO 18220 --- [main] com.stproj.demo.DemoApplication          : Started DemoApplication in 5.152 seconds (JVM running for 5.524)
2022-07-06 12:44:46.134  INFO 18220 --- [http-nio-9090-exec-1] o.a.c.c.C.[Tomcat].[localhost].[/]       : Initializing Spring DispatcherServlet 'dispatcherServlet'
2022-07-06 12:44:46.134  INFO 18220 --- [http-nio-9090-exec-1] o.s.web.servlet.DispatcherServlet        : Initializing Servlet 'dispatcherServlet'
2022-07-06 12:44:46.135  INFO 18220 --- [http-nio-9090-exec-1] o.s.web.servlet.DispatcherServlet        : Completed initialization in 1 ms
2022-07-06 12:44:46.168  INFO 18220 --- [http-nio-9090-exec-1] c.s.demo.controller.GroupController      : Start finding students: page - 0, size - 15, sort - stGroup: ASC,name: ASC
2022-07-06 12:44:46.297  INFO 18220 --- [http-nio-9090-exec-1] c.s.demo.controller.GroupController      : All students are found
2022-07-06 12:44:49.526  INFO 18220 --- [http-nio-9090-exec-2] c.s.demo.controller.GroupController      : Start finding students: page - 0, size - 15, sort - UNSORTED
2022-07-06 12:44:49.551  INFO 18220 --- [http-nio-9090-exec-2] c.s.demo.controller.GroupController      : All students are found
2022-07-06 12:44:55.573  INFO 18220 --- [http-nio-9090-exec-3] c.s.demo.controller.GroupController      : Start finding groups: page - 1, size - 7, sort - UNSORTED
2022-07-06 12:44:55.597  INFO 18220 --- [http-nio-9090-exec-3] c.s.demo.controller.GroupController      : All groups are found
2022-07-06 12:45:00.353  INFO 18220 --- [http-nio-9090-exec-4] c.s.demo.controller.GroupController      : Start finding group...
2022-07-06 12:45:00.363  INFO 18220 --- [http-nio-9090-exec-4] c.s.demo.controller.GroupController      : Group is found
2022-07-06 12:45:03.190  INFO 18220 --- [http-nio-9090-exec-5] c.s.demo.controller.GroupController      : SPECIFICATION Start finding all groups with more than 10 students...
2022-07-06 12:45:03.218  INFO 18220 --- [http-nio-9090-exec-5] c.s.demo.controller.GroupController      : All groups with more than 10 students are found
2022-07-06 12:45:07.119  INFO 18220 --- [http-nio-9090-exec-6] c.s.demo.controller.GroupController      : NATIVE Start finding all groups with more than 10 students...
2022-07-06 12:45:07.157  INFO 18220 --- [http-nio-9090-exec-6] c.s.demo.controller.GroupController      : All groups with more than 10 students are found
2022-07-06 12:45:09.943  INFO 18220 --- [http-nio-9090-exec-7] c.s.demo.controller.GroupController      : JPQL Start finding all groups with more than 10 students...
2022-07-06 12:45:09.958  INFO 18220 --- [http-nio-9090-exec-7] c.s.demo.controller.GroupController      : All groups with more than 10 students are found
2022-07-06 12:45:24.737  INFO 18220 --- [SpringApplicationShutdownHook] j.LocalContainerEntityManagerFactoryBean : Closing JPA EntityManagerFactory for persistence unit 'default'
2022-07-06 12:45:24.738  INFO 18220 --- [SpringApplicationShutdownHook] com.zaxxer.hikari.HikariDataSource       : HikariPool-1 - Shutdown initiated...
2022-07-06 12:45:24.742  INFO 18220 --- [SpringApplicationShutdownHook] com.zaxxer.hikari.HikariDataSource       : HikariPool-1 - Shutdown completed.
2022-07-06 12:48:20.213  INFO 16720 --- [main] com.stproj.demo.DemoApplication          : Starting DemoApplication using Java 18.0.1.1 on DESKTOP-AJGCIAD with PID 16720 (C:\Users\79372\stproj\demo\demo\target\classes started by 79372 in C:\Users\79372\stproj\demo\demo)
2022-07-06 12:48:20.215  INFO 16720 --- [main] com.stproj.demo.DemoApplication          : No active profile set, falling back to 1 default profile: "default"
2022-07-06 12:48:20.979  INFO 16720 --- [main] .s.d.r.c.RepositoryConfigurationDelegate : Bootstrapping Spring Data JPA repositories in DEFAULT mode.
2022-07-06 12:48:21.047  INFO 16720 --- [main] .s.d.r.c.RepositoryConfigurationDelegate : Finished Spring Data repository scanning in 58 ms. Found 2 JPA repository interfaces.
2022-07-06 12:48:21.662  INFO 16720 --- [main] o.s.b.w.embedded.tomcat.TomcatWebServer  : Tomcat initialized with port(s): 9090 (http)
2022-07-06 12:48:21.671  INFO 16720 --- [main] o.apache.catalina.core.StandardService   : Starting service [Tomcat]
2022-07-06 12:48:21.671  INFO 16720 --- [main] org.apache.catalina.core.StandardEngine  : Starting Servlet engine: [Apache Tomcat/9.0.64]
2022-07-06 12:48:21.779  INFO 16720 --- [main] o.a.c.c.C.[Tomcat].[localhost].[/]       : Initializing Spring embedded WebApplicationContext
2022-07-06 12:48:21.780  INFO 16720 --- [main] w.s.c.ServletWebServerApplicationContext : Root WebApplicationContext: initialization completed in 1500 ms
2022-07-06 12:48:21.948  INFO 16720 --- [main] o.f.c.internal.license.VersionPrinter    : Flyway Community Edition 8.5.13 by Redgate
2022-07-06 12:48:21.949  INFO 16720 --- [main] o.f.c.internal.license.VersionPrinter    : See what's new here: https://flywaydb.org/documentation/learnmore/releaseNotes#8.5.13
2022-07-06 12:48:21.949  INFO 16720 --- [main] o.f.c.internal.license.VersionPrinter    : 
2022-07-06 12:48:21.955  INFO 16720 --- [main] com.zaxxer.hikari.HikariDataSource       : HikariPool-1 - Starting...
2022-07-06 12:48:22.102  INFO 16720 --- [main] com.zaxxer.hikari.HikariDataSource       : HikariPool-1 - Start completed.
2022-07-06 12:48:22.125  INFO 16720 --- [main] o.f.c.i.database.base.BaseDatabaseType   : Database: jdbc:postgresql://localhost:5432/stproj (PostgreSQL 14.2)
2022-07-06 12:48:22.171  INFO 16720 --- [main] o.f.core.internal.command.DbValidate     : Successfully validated 1 migration (execution time 00:00.025s)
2022-07-06 12:48:22.185  INFO 16720 --- [main] o.f.core.internal.command.DbMigrate      : Current version of schema "public": 1
2022-07-06 12:48:22.186  INFO 16720 --- [main] o.f.core.internal.command.DbMigrate      : Schema "public" is up to date. No migration necessary.
2022-07-06 12:48:22.323  INFO 16720 --- [main] o.hibernate.jpa.internal.util.LogHelper  : HHH000204: Processing PersistenceUnitInfo [name: default]
2022-07-06 12:48:22.372  INFO 16720 --- [main] org.hibernate.Version                    : HHH000412: Hibernate ORM core version 5.6.9.Final
2022-07-06 12:48:22.551  INFO 16720 --- [main] o.hibernate.annotations.common.Version   : HCANN000001: Hibernate Commons Annotations {5.1.2.Final}
2022-07-06 12:48:22.662  INFO 16720 --- [main] org.hibernate.dialect.Dialect            : HHH000400: Using dialect: org.hibernate.dialect.PostgreSQLDialect
2022-07-06 12:48:23.233  INFO 16720 --- [main] o.h.e.t.j.p.i.JtaPlatformInitiator       : HHH000490: Using JtaPlatform implementation: [org.hibernate.engine.transaction.jta.platform.internal.NoJtaPlatform]
2022-07-06 12:48:23.239  INFO 16720 --- [main] j.LocalContainerEntityManagerFactoryBean : Initialized JPA EntityManagerFactory for persistence unit 'default'
2022-07-06 12:48:23.803  WARN 16720 --- [main] JpaBaseConfiguration$JpaWebConfiguration : spring.jpa.open-in-view is enabled by default. Therefore, database queries may be performed during view rendering. Explicitly configure spring.jpa.open-in-view to disable this warning
2022-07-06 12:48:24.569  INFO 16720 --- [main] o.s.b.w.embedded.tomcat.TomcatWebServer  : Tomcat started on port(s): 9090 (http) with context path ''
2022-07-06 12:48:24.578  INFO 16720 --- [main] com.stproj.demo.DemoApplication          : Started DemoApplication in 4.821 seconds (JVM running for 5.173)
2022-07-06 12:48:51.551  INFO 16720 --- [SpringApplicationShutdownHook] j.LocalContainerEntityManagerFactoryBean : Closing JPA EntityManagerFactory for persistence unit 'default'
2022-07-06 12:48:51.553  INFO 16720 --- [SpringApplicationShutdownHook] com.zaxxer.hikari.HikariDataSource       : HikariPool-1 - Shutdown initiated...
2022-07-06 12:48:51.556  INFO 16720 --- [SpringApplicationShutdownHook] com.zaxxer.hikari.HikariDataSource       : HikariPool-1 - Shutdown completed.
